<?xml version="1.0" encoding="UTF-8"?>
<!-- Generated by org.testng.reporters.JUnitReportReporter -->
<testsuite hostname="DESKTOP-7MJK2Q8" failures="0" tests="1" name="SunhubPackage.LoginClass" time="17.754" errors="0" timestamp="2021-02-03T18:14:32 PKT" skipped="0">
  <testcase classname="SunhubPackage.LoginClass" name="Login" time="17.754"/>
  <system-out/>
</testsuite> <!-- SunhubPackage.LoginClass -->
