<?xml version="1.0" encoding="UTF-8"?>
<!-- Generated by org.testng.reporters.JUnitReportReporter -->
<testsuite hostname="BCDS-LHR-33" failures="0" tests="5" name="com.sunhub.qa.test_cases.CheckoutTest" time="416.349" errors="0" timestamp="2021-08-06T17:46:40 PKT" skipped="0">
  <testcase classname="com.sunhub.qa.test_cases.CheckoutTest" name="NonExistingShopperGuestPPLLater" time="107.477"/>
  <system-out/>
  <testcase classname="com.sunhub.qa.test_cases.CheckoutTest" name="NonRegisteredUser_registeration_while_guest_checkout" time="63.215"/>
  <system-out/>
  <testcase classname="com.sunhub.qa.test_cases.CheckoutTest" name="CheckoutWithStripePayment" time="88.588"/>
  <system-out/>
  <testcase classname="com.sunhub.qa.test_cases.CheckoutTest" name="TaxCalculation" time="73.064"/>
  <system-out/>
  <testcase classname="com.sunhub.qa.test_cases.CheckoutTest" name="ExistingUserGuestCheckout" time="84.005"/>
  <system-out/>
</testsuite> <!-- com.sunhub.qa.test_cases.CheckoutTest -->
