<?xml version="1.0" encoding="UTF-8"?>
<!-- Generated by org.testng.reporters.JUnitReportReporter -->
<testsuite hostname="BCDS-LHR-33" failures="0" tests="1" name="com.sunhub.qa.testdata.TestData" time="31.691" errors="0" timestamp="2021-03-16T22:57:06 PKT" skipped="0">
  <testcase classname="com.sunhub.qa.testdata.TestData" name="test" time="31.691"/>
  <system-out/>
</testsuite> <!-- com.sunhub.qa.testdata.TestData -->
