<?xml version="1.0" encoding="UTF-8"?>
<!-- Generated by org.testng.reporters.JUnitReportReporter -->
<testsuite hostname="BCDS-LHR-33" failures="0" tests="4" name="com.sunhub.qa.test_cases.Guestcheckout" time="230.868" errors="0" timestamp="2021-07-08T23:14:14 PKT" skipped="1">
  <testcase classname="com.sunhub.qa.test_cases.Guestcheckout" name="NonExistingShopperPPLLater" time="103.806"/>
  <system-out/>
  <testcase classname="com.sunhub.qa.test_cases.Guestcheckout" name="CheckoutWithStripePayment" time="71.243"/>
  <system-out/>
  <testcase classname="com.sunhub.qa.test_cases.Guestcheckout" name="TaxCalculation" time="55.819"/>
  <system-out/>
  <testcase classname="com.sunhub.qa.test_cases.Guestcheckout" name="NonExistingShopperPPLNow">
    <skipped/>
  </testcase> <!-- NonExistingShopperPPLNow -->
  <system-out/>
</testsuite> <!-- com.sunhub.qa.test_cases.Guestcheckout -->
