<?xml version="1.0" encoding="UTF-8"?>
<!-- Generated by org.testng.reporters.JUnitReportReporter -->
<testsuite hostname="BCDS-LHR-33" failures="0" tests="1" name="com.sunhub.qa.test_cases.RegisterPageTest" time="20.108" errors="0" timestamp="2021-10-27T21:33:12 PKT" skipped="0">
  <testcase classname="com.sunhub.qa.test_cases.RegisterPageTest" name="Captcha" time="20.108"/>
  <system-out/>
</testsuite> <!-- com.sunhub.qa.test_cases.RegisterPageTest -->
