<?xml version="1.0" encoding="UTF-8"?>
<!-- Generated by org.testng.reporters.JUnitReportReporter -->
<testsuite hostname="BCDS-LHR-33" failures="0" tests="2" name="com.sunhub.qa.test_cases.RegisterPage" time="147.180" errors="0" timestamp="2021-03-10T23:01:56 PKT" skipped="0">
  <testcase classname="com.sunhub.qa.test_cases.RegisterPage" name="NonExistingEmailCheck" time="55.276"/>
  <system-out/>
  <testcase classname="com.sunhub.qa.test_cases.RegisterPage" name="ExistingEmailValidationforRegisteration" time="91.904"/>
  <system-out/>
</testsuite> <!-- com.sunhub.qa.test_cases.RegisterPage -->
