<?xml version="1.0" encoding="UTF-8"?>
<!-- Generated by org.testng.reporters.JUnitReportReporter -->
<testsuite hostname="BCDS-LHR-33" failures="0" tests="1" name="com.sunhub.qa.test_cases.LoginPageTest" time="20.867" errors="0" timestamp="2021-08-06T00:37:11 PKT" skipped="0">
  <testcase classname="com.sunhub.qa.test_cases.LoginPageTest" name="BuyerLogin" time="20.867"/>
  <system-out/>
</testsuite> <!-- com.sunhub.qa.test_cases.LoginPageTest -->
