<?xml version="1.0" encoding="UTF-8"?>
<!-- Generated by org.testng.reporters.JUnitReportReporter -->
<testsuite hostname="BCDS-LHR-33" failures="0" tests="1" name="com.sunhub.qa.pages.LoginPage" time="0.010" errors="0" timestamp="2021-02-18T22:59:02 PKT" skipped="0">
  <testcase classname="com.sunhub.qa.pages.LoginPage" name="f" time="0.010"/>
  <system-out/>
</testsuite> <!-- com.sunhub.qa.pages.LoginPage -->
