<?xml version="1.0" encoding="UTF-8"?>
<!-- Generated by org.testng.reporters.JUnitReportReporter -->
<testsuite hostname="BCDS-LHR-33" failures="0" tests="5" name="com.sunhub.qa.test_cases.CheckoutTest" time="393.682" errors="0" timestamp="2021-08-06T00:17:26 PKT" skipped="0">
  <testcase classname="com.sunhub.qa.test_cases.CheckoutTest" name="NonExistingShopperGuestPPLLater" time="95.467"/>
  <system-out/>
  <testcase classname="com.sunhub.qa.test_cases.CheckoutTest" name="NonRegisteredUser_registeration_while_guest_checkout" time="59.432"/>
  <system-out/>
  <testcase classname="com.sunhub.qa.test_cases.CheckoutTest" name="CheckoutWithStripePayment" time="78.397"/>
  <system-out/>
  <testcase classname="com.sunhub.qa.test_cases.CheckoutTest" name="TaxCalculation" time="69.455"/>
  <system-out/>
  <testcase classname="com.sunhub.qa.test_cases.CheckoutTest" name="ExistingUserGuestCheckout" time="90.931"/>
  <system-out/>
</testsuite> <!-- com.sunhub.qa.test_cases.CheckoutTest -->
