<?xml version="1.0" encoding="UTF-8"?>
<!-- Generated by org.testng.reporters.JUnitReportReporter -->
<testsuite hostname="BCDS-LHR-33" failures="0" tests="6" name="com.sunhub.qa.test_cases.TestClass" time="0.020" errors="0" timestamp="2021-10-27T17:36:40 PKT" skipped="0">
  <testcase classname="com.sunhub.qa.test_cases.TestClass" name="randomNumberAlphabetsWithSpecificString" time="0.003"/>
  <system-out/>
  <testcase classname="com.sunhub.qa.test_cases.TestClass" name="randomNumberSpecificLengthOnlyAphabets" time="0.002"/>
  <system-out/>
  <testcase classname="com.sunhub.qa.test_cases.TestClass" name="TestingPurpose" time="0.002"/>
  <system-out/>
  <testcase classname="com.sunhub.qa.test_cases.TestClass" name="LongRandomName" time="0.010"/>
  <system-out/>
  <testcase classname="com.sunhub.qa.test_cases.TestClass" name="rand" time="0.001"/>
  <system-out/>
  <testcase classname="com.sunhub.qa.test_cases.TestClass" name="randomNumberSpecificLengthOnlyNumbers" time="0.002"/>
  <system-out/>
</testsuite> <!-- com.sunhub.qa.test_cases.TestClass -->
