<?xml version="1.0" encoding="UTF-8"?>
<!-- Generated by org.testng.reporters.JUnitReportReporter -->
<testsuite hostname="BCDS-LHR-33" failures="0" tests="1" name="pkg.TestCases.BuyProductCheckoutTest$Product_Purchase" time="51.890" errors="0" timestamp="2021-12-17T18:21:16 PKT" skipped="0">
  <testcase classname="pkg.TestCases.BuyProductCheckoutTest$Product_Purchase" name="FunctionBothCheckout" time="51.890"/>
  <system-out/>
</testsuite> <!-- pkg.TestCases.BuyProductCheckoutTest$Product_Purchase -->
