<?xml version="1.0" encoding="UTF-8"?>
<!-- Generated by org.testng.reporters.JUnitReportReporter -->
<testsuite hostname="DESKTOP-7MJK2Q8" failures="0" tests="1" name="pkg.TestCases.signin" time="36.732" errors="0" timestamp="2021-11-26T20:15:59 PKT" skipped="0">
  <testcase classname="pkg.TestCases.signin" name="Signin3" time="36.732"/>
  <system-out/>
</testsuite> <!-- pkg.TestCases.signin -->
