<?xml version="1.0" encoding="UTF-8"?>
<!-- Generated by org.testng.reporters.JUnitReportReporter -->
<testsuite hostname="DESKTOP-7MJK2Q8" failures="0" tests="1" name="pkg.TestCases.signinTest" time="24.601" errors="0" timestamp="2021-12-08T21:23:27 PKT" skipped="0">
  <testcase classname="pkg.TestCases.signinTest" name="Signin1" time="24.601"/>
  <system-out/>
</testsuite> <!-- pkg.TestCases.signinTest -->
