<?xml version="1.0" encoding="UTF-8"?>
<!-- Generated by org.testng.reporters.JUnitReportReporter -->
<testsuite hostname="DESKTOP-7MJK2Q8" failures="0" tests="1" name="pkg.TestCases.CategorySearchVerificationTest" time="41.721" errors="0" timestamp="2021-12-08T21:42:55 PKT" skipped="0">
  <testcase classname="pkg.TestCases.CategorySearchVerificationTest" name="Signin1" time="41.721"/>
  <system-out/>
</testsuite> <!-- pkg.TestCases.CategorySearchVerificationTest -->
