<?xml version="1.0" encoding="UTF-8"?>
<!-- Generated by org.testng.reporters.JUnitReportReporter -->
<testsuite hostname="DESKTOP-7MJK2Q8" failures="0" tests="1" name="pkg.TestCases.TestClass" time="23.929" errors="0" timestamp="2021-11-23T19:02:41 PKT" skipped="0">
  <testcase classname="pkg.TestCases.TestClass" name="setup" time="23.929"/>
  <system-out/>
</testsuite> <!-- pkg.TestCases.TestClass -->
